2019-08-20T13:09:21.563Z - [info]: GET - /
2019-08-20T13:10:20.844Z - [info]: GET - /
2019-08-20T13:11:26.319Z - [info]: GET - /
2019-08-20T13:11:45.927Z - [info]: GET - /
2019-08-20T13:12:10.995Z - [info]: GET - /
2019-08-20T14:46:44.298Z - [info]: GET - /
2019-08-20T14:47:20.702Z - [info]: GET - /
2019-08-20T15:06:39.170Z - [info]: GET - /
2019-08-20T15:34:10.814Z - [info]: GET - /
2019-08-20T15:47:39.563Z - [info]: GET - /
2019-08-20T15:54:01.670Z - [info]: GET - /
2019-08-20T15:57:17.514Z - [info]: GET - /
2019-08-20T15:57:54.487Z - [info]: GET - /
2019-08-20T15:58:20.529Z - [info]: GET - /
2019-08-20T15:58:40.677Z - [info]: GET - /
2019-08-20T15:59:36.027Z - [info]: GET - /
2019-08-20T16:02:26.213Z - [info]: GET - /
2019-08-20T16:03:50.996Z - [info]: GET - /
2019-08-20T16:04:22.507Z - [info]: GET - /
2019-08-20T16:04:56.047Z - [info]: GET - /
2019-08-20T16:05:54.965Z - [info]: GET - /
2019-08-20T16:07:38.153Z - [info]: GET - /
2019-08-20T16:12:38.601Z - [info]: GET - /
2019-08-20T16:13:58.498Z - [info]: GET - /
2019-08-20T16:14:51.285Z - [info]: GET - /
2019-08-20T16:15:56.492Z - [info]: GET - /
2019-08-20T16:16:41.791Z - [info]: GET - /
2019-08-20T16:17:49.206Z - [info]: GET - /
2019-08-20T16:18:53.521Z - [info]: GET - /
2019-08-20T16:19:07.394Z - [info]: GET - /
2019-08-20T16:19:59.524Z - [info]: POST - /create
2019-08-20T16:20:08.279Z - [info]: POST - /create
2019-08-20T16:21:18.312Z - [info]: POST - /create
2019-08-20T16:23:18.275Z - [info]: POST - /create
2019-08-20T16:24:38.727Z - [info]: POST - /create
2019-08-20T16:46:15.200Z - [info]: POST - /edit
2019-08-20T16:50:45.018Z - [info]: POST - /edit
2019-08-20T16:53:42.608Z - [info]: POST - /edit
2019-08-20T16:54:16.320Z - [info]: POST - /edit
2019-08-20T16:58:27.346Z - [info]: POST - /edit
2019-08-20T16:58:37.619Z - [info]: POST - /edit
2019-08-20T16:59:03.229Z - [info]: POST - /edit
2019-08-20T16:59:43.298Z - [info]: POST - /edit
2019-08-20T17:03:23.676Z - [info]: POST - /edit
2019-08-20T17:04:00.871Z - [info]: POST - /edit
2019-08-20T17:05:18.375Z - [info]: POST - /edit
2019-08-20T17:06:01.926Z - [info]: POST - /edit
2019-08-20T17:06:25.215Z - [info]: POST - /edit
2019-08-20T17:06:43.569Z - [info]: POST - /edit
2019-08-20T17:07:35.494Z - [info]: POST - /edit
2019-08-20T17:07:50.863Z - [info]: POST - /edit
2019-08-20T17:08:08.218Z - [info]: POST - /edit
2019-08-20T17:08:31.921Z - [info]: POST - /edit
2019-08-21T14:39:51.435Z - [info]: POST - /login
2019-08-21T14:41:11.329Z - [info]: POST - /login
2019-08-21T14:42:51.095Z - [info]: POST - /login
2019-08-21T14:43:44.167Z - [info]: POST - /login
2019-08-21T14:46:30.466Z - [info]: POST - /login
2019-08-21T14:47:41.961Z - [info]: POST - /login
2019-08-21T14:49:49.126Z - [info]: POST - /login
2019-08-21T14:50:31.457Z - [info]: POST - /login
2019-08-21T14:51:47.353Z - [info]: POST - /login
2019-08-21T14:52:23.723Z - [info]: POST - /login
2019-08-21T14:53:09.909Z - [info]: POST - /login
2019-08-21T14:53:34.941Z - [info]: POST - /login
2019-08-21T14:54:19.514Z - [info]: POST - /login
2019-08-21T14:56:27.477Z - [info]: POST - /register
2019-08-21T14:56:54.621Z - [info]: POST - /register
2019-08-21T15:57:07.297Z - [info]: POST - /login
2019-08-21T15:57:17.665Z - [info]: POST - /login
2019-08-21T16:08:39.904Z - [info]: POST - /products
2019-08-21T16:09:16.481Z - [info]: POST - /products
2019-08-21T16:09:23.750Z - [info]: GET - /products
2019-08-21T16:10:05.320Z - [info]: GET - /products
2019-08-21T16:10:44.900Z - [info]: GET - /products
2019-08-21T16:15:07.701Z - [info]: GET - /products
2019-08-21T16:15:18.698Z - [info]: GET - /products
2019-08-21T16:16:57.853Z - [info]: GET - /products
2019-08-21T16:17:10.340Z - [info]: GET - /products
2019-08-21T16:18:45.470Z - [info]: GET - /products
2019-08-21T16:19:54.612Z - [info]: GET - /products
2019-08-21T16:21:10.940Z - [info]: GET - /products
2019-08-21T16:21:31.849Z - [info]: GET - /products
2019-08-21T16:21:35.902Z - [info]: GET - /products
2019-08-21T16:21:47.293Z - [info]: GET - /products
2019-08-21T16:22:10.875Z - [info]: GET - /products
2019-08-21T16:22:21.295Z - [info]: GET - /products
2019-08-21T16:23:22.002Z - [info]: GET - /products
2019-08-21T16:23:26.356Z - [info]: GET - /products
2019-08-21T16:23:28.156Z - [info]: GET - /products
2019-08-21T16:23:30.389Z - [info]: GET - /products
2019-08-21T16:23:31.995Z - [info]: GET - /products
2019-08-21T16:23:32.944Z - [info]: GET - /products
2019-08-21T16:23:33.941Z - [info]: GET - /products
2019-08-21T16:23:34.823Z - [info]: GET - /products
2019-08-21T16:23:35.621Z - [info]: GET - /products
2019-08-21T16:23:36.597Z - [info]: GET - /products
2019-08-21T16:24:11.770Z - [info]: GET - /products
2019-08-21T16:24:14.825Z - [info]: GET - /products
2019-08-21T16:24:15.882Z - [info]: GET - /products
2019-08-21T16:24:21.217Z - [info]: GET - /products
2019-08-21T16:25:17.311Z - [info]: GET - /products
2019-08-21T16:25:35.128Z - [info]: GET - /products
2019-08-21T16:25:48.131Z - [info]: GET - /products
2019-08-21T16:26:04.254Z - [info]: GET - /products
2019-08-21T16:26:11.380Z - [info]: GET - /products
2019-08-21T16:39:48.279Z - [info]: GET - /products
2019-08-21T16:40:26.823Z - [info]: GET - /products
2019-08-21T16:40:39.244Z - [info]: GET - /products
2019-08-21T16:40:42.481Z - [info]: GET - /products
2019-08-21T16:41:18.755Z - [info]: GET - /products
2019-08-21T16:44:35.798Z - [info]: GET - /products
2019-08-21T16:46:19.981Z - [info]: GET - /categories
2019-08-21T16:47:53.770Z - [info]: GET - /categories
2019-08-21T16:49:53.394Z - [info]: GET - /categories
2019-08-21T16:50:17.535Z - [info]: GET - /categories
2019-08-21T16:50:35.218Z - [info]: GET - /categories
2019-08-21T16:50:36.502Z - [info]: GET - /categories
2019-08-21T16:50:37.801Z - [info]: GET - /categories
2019-08-21T16:50:54.891Z - [info]: GET - /products
2019-08-21T16:51:06.118Z - [info]: GET - /categories
2019-08-21T16:52:24.098Z - [info]: GET - /categories
2019-08-21T16:52:36.470Z - [info]: GET - /categories
2019-08-21T16:52:50.551Z - [info]: GET - /categories
2019-08-21T16:53:29.422Z - [info]: GET - /categories
2019-08-21T16:53:38.482Z - [info]: GET - /categories
2019-08-21T16:53:43.052Z - [info]: GET - /categories
2019-08-21T16:53:54.430Z - [info]: GET - /categories
2019-08-21T16:54:29.401Z - [info]: GET - /categories
2019-08-21T16:54:47.697Z - [info]: GET - /categories
2019-08-21T16:55:01.061Z - [info]: GET - /categories
2019-08-21T16:55:15.604Z - [info]: GET - /categories
2019-08-21T16:55:22.598Z - [info]: POST - /create/category
2019-08-21T16:55:23.768Z - [info]: GET - /categories
2019-08-21T16:55:28.076Z - [info]: GET - /categories
2019-08-21T16:55:42.906Z - [info]: POST - /create/category
2019-08-21T16:55:44.035Z - [info]: GET - /categories
2019-08-21T16:55:46.640Z - [info]: POST - /create/category
2019-08-21T16:55:47.492Z - [info]: GET - /categories
2019-08-21T16:55:50.339Z - [info]: POST - /create/category
2019-08-21T16:55:51.144Z - [info]: GET - /categories
2019-08-21T16:55:54.877Z - [info]: POST - /delete/category
2019-08-21T16:55:55.741Z - [info]: GET - /categories
2019-08-21T16:56:04.597Z - [info]: POST - /create/category
2019-08-21T16:56:05.545Z - [info]: GET - /categories
2019-08-21T16:56:09.713Z - [info]: GET - /categories
2019-08-21T16:56:14.716Z - [info]: POST - /create/category
2019-08-21T16:56:15.611Z - [info]: GET - /categories
2019-08-21T16:56:24.046Z - [info]: POST - /edit/category
2019-08-21T16:56:25.060Z - [info]: GET - /categories
2019-08-21T16:56:30.256Z - [info]: GET - /categories
2019-08-21T16:56:46.215Z - [info]: GET - /products
2019-08-21T16:56:46.847Z - [info]: GET - /categories
2019-08-21T16:56:48.001Z - [info]: GET - /products
2019-08-21T16:59:55.613Z - [info]: GET - /categories
2019-08-21T17:00:50.266Z - [info]: GET - /producers
2019-08-21T17:00:56.462Z - [info]: GET - /producers
2019-08-21T17:03:07.446Z - [info]: GET - /categories
2019-08-21T17:03:14.259Z - [info]: GET - /producers
2019-08-21T17:03:20.108Z - [info]: GET - /producers
2019-08-21T17:04:15.228Z - [info]: GET - /producers
2019-08-21T17:04:50.085Z - [info]: GET - /producers
2019-08-21T17:05:13.128Z - [info]: GET - /producers
2019-08-21T17:05:25.371Z - [info]: GET - /producers
2019-08-21T17:16:21.158Z - [info]: POST - /create/product
2019-08-21T17:16:46.586Z - [info]: GET - /producers
2019-08-21T17:17:10.127Z - [info]: POST - /create/product
2019-08-21T17:17:11.153Z - [info]: GET - /producers
2019-08-21T17:17:36.994Z - [info]: GET - /producers
2019-08-21T17:17:50.231Z - [info]: POST - /create/producer
2019-08-21T17:17:51.544Z - [info]: GET - /producers
2019-08-21T17:18:09.048Z - [info]: GET - /producers
2019-08-21T17:19:21.496Z - [info]: GET - /producers
2019-08-21T17:21:46.149Z - [info]: POST - /create/producer
2019-08-21T17:21:49.783Z - [info]: GET - /producers
2019-08-21T17:23:05.993Z - [info]: GET - /producers
2019-08-21T17:24:25.229Z - [info]: GET - /producers
2019-08-21T17:25:40.272Z - [info]: POST - /edit/producer
2019-08-21T17:25:41.349Z - [info]: GET - /producers
2019-08-21T17:25:44.128Z - [info]: GET - /producers
2019-08-21T17:25:48.806Z - [info]: GET - /categories
2019-08-21T17:25:52.522Z - [info]: GET - /products
2019-08-21T17:27:19.150Z - [info]: GET - /products
2019-08-21T17:28:23.304Z - [info]: GET - /products
2019-08-21T17:29:08.462Z - [info]: GET - /products
2019-08-21T17:29:08.599Z - [info]: GET - /categories
2019-08-21T17:29:08.695Z - [info]: GET - /producers
2019-08-21T17:29:14.755Z - [info]: GET - /products
2019-08-21T17:29:14.878Z - [info]: GET - /categories
2019-08-21T17:29:14.998Z - [info]: GET - /producers
2019-08-21T17:31:40.849Z - [info]: GET - /products
2019-08-21T17:31:41.076Z - [info]: GET - /categories
2019-08-21T17:31:41.133Z - [info]: GET - /producers
2019-08-21T17:32:17.028Z - [info]: GET - /products
2019-08-21T17:32:17.246Z - [info]: GET - /categories
2019-08-21T17:32:17.321Z - [info]: GET - /producers
2019-08-21T17:32:36.641Z - [info]: GET - /products
2019-08-21T17:32:36.953Z - [info]: GET - /categories
2019-08-21T17:32:37.125Z - [info]: GET - /producers
2019-08-21T17:32:57.641Z - [info]: GET - /products
2019-08-21T17:32:57.906Z - [info]: GET - /categories
2019-08-21T17:32:57.984Z - [info]: GET - /producers
2019-08-21T17:33:12.228Z - [info]: GET - /products
2019-08-21T17:33:12.449Z - [info]: GET - /categories
2019-08-21T17:33:12.566Z - [info]: GET - /producers
2019-08-21T17:33:18.306Z - [info]: GET - /products
2019-08-21T17:33:18.392Z - [info]: GET - /categories
2019-08-21T17:33:18.472Z - [info]: GET - /producers
2019-08-21T17:34:23.455Z - [info]: GET - /products
2019-08-21T17:34:23.671Z - [info]: GET - /categories
2019-08-21T17:34:23.766Z - [info]: GET - /producers
2019-08-21T17:35:00.995Z - [info]: GET - /products
2019-08-21T17:35:01.150Z - [info]: GET - /categories
2019-08-21T17:35:01.203Z - [info]: GET - /producers
2019-08-21T17:35:14.241Z - [info]: POST - /edit/product
2019-08-21T17:35:15.353Z - [info]: GET - /products
2019-08-21T17:35:15.460Z - [info]: GET - /categories
2019-08-21T17:35:15.504Z - [info]: GET - /producers
2019-08-21T17:35:19.178Z - [info]: GET - /products
2019-08-21T17:35:19.278Z - [info]: GET - /categories
2019-08-21T17:35:19.323Z - [info]: GET - /producers
2019-08-21T17:36:31.371Z - [info]: POST - /edit/product
2019-08-21T17:37:34.594Z - [info]: GET - /products
2019-08-21T17:37:34.837Z - [info]: GET - /categories
2019-08-21T17:37:34.890Z - [info]: GET - /producers
2019-08-21T17:37:37.055Z - [info]: GET - /products
2019-08-21T17:37:37.159Z - [info]: GET - /categories
2019-08-21T17:37:37.279Z - [info]: GET - /producers
2019-08-21T17:38:03.936Z - [info]: POST - /edit/product
2019-08-21T17:38:22.156Z - [info]: GET - /products
2019-08-21T17:38:22.296Z - [info]: GET - /categories
2019-08-21T17:38:22.360Z - [info]: GET - /producers
2019-08-21T17:38:49.958Z - [info]: GET - /products
2019-08-21T17:38:50.097Z - [info]: GET - /categories
2019-08-21T17:38:50.214Z - [info]: GET - /producers
2019-08-21T17:38:56.198Z - [info]: POST - /edit/product
2019-08-21T17:38:57.462Z - [info]: GET - /products
2019-08-21T17:38:57.510Z - [info]: GET - /categories
2019-08-21T17:38:57.572Z - [info]: GET - /producers
2019-08-21T17:43:14.655Z - [info]: GET - /products
2019-08-21T17:43:22.073Z - [info]: GET - /products
2019-08-21T17:43:42.453Z - [info]: GET - /products
2019-08-21T17:44:03.693Z - [info]: GET - /products
2019-08-21T17:44:32.457Z - [info]: GET - /products
2019-08-21T17:46:26.705Z - [info]: GET - /products
2019-08-21T17:48:01.648Z - [info]: GET - /products
2019-08-21T17:48:19.489Z - [info]: GET - /products
2019-08-21T17:49:05.594Z - [info]: GET - /products
2019-08-21T17:49:38.813Z - [info]: GET - /products
2019-08-21T17:49:54.124Z - [info]: GET - /products
2019-08-21T17:50:17.567Z - [info]: GET - /products
2019-08-21T17:50:53.728Z - [info]: GET - /products
2019-08-21T17:52:16.345Z - [info]: GET - /products
2019-08-21T17:53:05.396Z - [info]: GET - /products
2019-08-21T17:54:14.043Z - [info]: GET - /products
2019-08-21T17:54:42.894Z - [info]: GET - /products
2019-08-21T17:55:17.627Z - [info]: GET - /products
2019-08-21T17:56:20.136Z - [info]: GET - /products
2019-08-21T17:56:57.372Z - [info]: GET - /products
2019-08-21T17:57:52.600Z - [info]: GET - /products
2019-08-21T17:58:35.612Z - [info]: GET - /products
2019-08-21T17:59:02.999Z - [info]: GET - /products
2019-08-21T18:00:34.003Z - [info]: GET - /products
2019-08-21T18:01:17.563Z - [info]: GET - /products
2019-08-21T18:02:10.182Z - [info]: GET - /products
2019-08-21T18:02:47.397Z - [info]: GET - /products
2019-08-21T18:03:13.931Z - [info]: GET - /products
2019-08-21T18:03:50.702Z - [info]: GET - /products
2019-08-21T18:04:36.824Z - [info]: GET - /products
2019-08-21T18:05:01.882Z - [info]: GET - /products
2019-08-21T18:05:32.564Z - [info]: GET - /products
2019-08-21T18:05:47.256Z - [info]: GET - /products
2019-08-21T18:06:17.391Z - [info]: GET - /products
2019-08-21T18:06:32.699Z - [info]: GET - /products
2019-08-21T18:06:53.437Z - [info]: GET - /products
2019-08-22T14:46:25.701Z - [info]: GET - /test
2019-08-22T14:50:21.160Z - [info]: GET - /test
2019-08-22T14:50:46.852Z - [info]: GET - /test
2019-08-22T14:51:00.753Z - [info]: GET - /test
2019-08-22T16:29:59.612Z - [info]: GET - /users
2019-08-22T16:30:05.582Z - [info]: GET - /v1/users
2019-08-22T16:30:56.545Z - [info]: GET - /v1/users
2019-08-22T16:31:32.126Z - [info]: GET - /v1/users
2019-08-22T16:31:45.911Z - [info]: GET - /v1/users
2019-08-22T16:32:50.910Z - [info]: GET - /v1/users
2019-08-22T16:41:19.576Z - [info]: GET - /login
2019-08-22T17:09:01.585Z - [info]: POST - /login
2019-08-22T17:09:08.811Z - [info]: POST - /login
2019-08-22T17:09:37.325Z - [info]: POST - /login
2019-08-22T17:16:37.399Z - [info]: POST - /login
2019-08-22T17:16:49.978Z - [info]: POST - /login
2019-08-22T17:17:55.098Z - [info]: POST - /login
2019-08-22T17:20:28.896Z - [info]: POST - /123
2019-08-22T17:22:09.415Z - [info]: GET - /v1/products
2019-08-22T17:22:09.468Z - [info]: GET - /v1/categories
2019-08-22T17:22:09.509Z - [info]: GET - /v1/producers
2019-08-22T17:22:16.456Z - [info]: GET - /v1/categories
2019-08-22T17:22:17.621Z - [info]: GET - /v1/producers
2019-08-22T17:22:18.954Z - [info]: GET - /v1/products
2019-08-22T17:22:19.022Z - [info]: GET - /v1/categories
2019-08-22T17:22:19.045Z - [info]: GET - /v1/producers
2019-08-22T17:25:04.908Z - [info]: GET - /v1/products
2019-08-22T17:25:05.103Z - [info]: GET - /v1/categories
2019-08-22T17:25:05.135Z - [info]: GET - /v1/producers
2019-08-22T17:25:13.397Z - [info]: POST - /v1/products
2019-08-22T17:25:14.622Z - [info]: GET - /v1/products
2019-08-22T17:25:14.653Z - [info]: GET - /v1/categories
2019-08-22T17:25:14.691Z - [info]: GET - /v1/producers
2019-08-22T17:27:21.073Z - [info]: POST - /edit/product
2019-08-22T17:27:34.588Z - [info]: POST - /edit/product
2019-08-22T17:27:45.266Z - [info]: GET - /v1/products
2019-08-22T17:27:45.341Z - [info]: GET - /v1/categories
2019-08-22T17:27:45.401Z - [info]: GET - /v1/producers
2019-08-22T17:28:26.279Z - [info]: PUT - /v1/product
2019-08-22T17:28:40.318Z - [info]: GET - /v1/products
2019-08-22T17:28:40.497Z - [info]: GET - /v1/categories
2019-08-22T17:28:40.571Z - [info]: GET - /v1/producers
2019-08-22T17:29:01.842Z - [info]: PUT - /v1/products
2019-08-22T17:29:02.969Z - [info]: GET - /v1/products
2019-08-22T17:29:03.046Z - [info]: GET - /v1/categories
2019-08-22T17:29:03.082Z - [info]: GET - /v1/producers
2019-08-22T17:29:06.631Z - [info]: GET - /v1/products
2019-08-22T17:29:06.710Z - [info]: GET - /v1/categories
2019-08-22T17:29:06.750Z - [info]: GET - /v1/producers
2019-08-22T17:29:45.688Z - [info]: GET - /v1/products
2019-08-22T17:29:45.852Z - [info]: GET - /v1/categories
2019-08-22T17:29:45.943Z - [info]: GET - /v1/producers
2019-08-22T17:29:48.896Z - [info]: DELETE - /v1/products/5d5ecff9ab0eaf1c440653f4
2019-08-22T17:29:49.989Z - [info]: GET - /v1/products
2019-08-22T17:29:50.028Z - [info]: GET - /v1/categories
2019-08-22T17:29:50.059Z - [info]: GET - /v1/producers
2019-08-22T17:30:18.362Z - [info]: DELETE - /v1/products/5d5ecff9ab0eaf1c440653f4
2019-08-22T17:30:19.441Z - [info]: GET - /v1/products
2019-08-22T17:30:23.316Z - [info]: GET - /v1/categories
2019-08-22T17:30:23.345Z - [info]: GET - /v1/producers
2019-08-22T17:30:31.749Z - [info]: GET - /v1/products
2019-08-22T17:30:32.017Z - [info]: GET - /v1/categories
2019-08-22T17:30:32.218Z - [info]: GET - /v1/producers
2019-08-22T17:31:14.437Z - [info]: DELETE - /v1/products/5d5ecff9ab0eaf1c440653f4
2019-08-22T17:31:16.945Z - [info]: GET - /v1/products
2019-08-22T17:31:17.023Z - [info]: GET - /v1/categories
2019-08-22T17:31:17.057Z - [info]: GET - /v1/producers
2019-08-22T17:32:10.183Z - [info]: DELETE - /v1/products/5d5ecff9ab0eaf1c440653f4
2019-08-22T17:32:33.642Z - [info]: DELETE - /v1/products/5d5ecff9ab0eaf1c440653f4
2019-08-22T17:32:40.787Z - [info]: GET - /v1/products
2019-08-22T17:32:40.847Z - [info]: GET - /v1/categories
2019-08-22T17:32:40.889Z - [info]: GET - /v1/producers
2019-08-22T17:32:49.361Z - [info]: POST - /v1/products
2019-08-22T17:32:50.379Z - [info]: GET - /v1/products
2019-08-22T17:32:50.411Z - [info]: GET - /v1/categories
2019-08-22T17:32:50.436Z - [info]: GET - /v1/producers
2019-08-22T17:32:52.623Z - [info]: DELETE - /v1/products/5d5ed1c1e518d4038c26bb13
2019-08-22T17:32:53.636Z - [info]: GET - /v1/products
2019-08-22T17:32:53.659Z - [info]: GET - /v1/categories
2019-08-22T17:32:53.685Z - [info]: GET - /v1/producers
2019-08-22T17:33:06.149Z - [info]: DELETE - /v1/products/5d5ed1c1e518d4038c26bb13
2019-08-22T17:33:07.077Z - [info]: GET - /v1/products
2019-08-22T17:33:07.106Z - [info]: GET - /v1/categories
2019-08-22T17:33:07.130Z - [info]: GET - /v1/producers
2019-08-22T17:33:34.484Z - [info]: GET - /v1/products
2019-08-22T17:33:34.553Z - [info]: GET - /v1/categories
2019-08-22T17:33:34.587Z - [info]: GET - /v1/producers
2019-08-22T17:33:39.189Z - [info]: GET - /v1/products
2019-08-22T17:33:39.291Z - [info]: GET - /v1/categories
2019-08-22T17:33:39.372Z - [info]: GET - /v1/producers
2019-08-22T17:33:47.701Z - [info]: GET - /v1/products
2019-08-22T17:33:47.879Z - [info]: GET - /v1/categories
2019-08-22T17:33:47.909Z - [info]: GET - /v1/producers
2019-08-22T17:33:51.273Z - [info]: DELETE - /v1/products/5d5ed1c1e518d4038c26bb13
2019-08-22T17:33:52.437Z - [info]: GET - /v1/products
2019-08-22T17:33:52.461Z - [info]: GET - /v1/categories
2019-08-22T17:33:52.484Z - [info]: GET - /v1/producers
2019-08-22T17:34:01.645Z - [info]: GET - /v1/products
2019-08-22T17:34:01.735Z - [info]: GET - /v1/categories
2019-08-22T17:34:01.771Z - [info]: GET - /v1/producers
2019-08-22T17:34:04.937Z - [info]: GET - /v1/categories
2019-08-22T17:34:44.310Z - [info]: GET - /v1/categories
2019-08-22T17:34:56.182Z - [info]: GET - /v1/categories
2019-08-22T17:35:04.286Z - [info]: GET - /v1/categories
2019-08-22T17:35:25.441Z - [info]: GET - /v1/categories
2019-08-22T17:35:31.805Z - [info]: GET - /v1/categories
2019-08-22T17:35:35.026Z - [info]: POST - /v1/categories
2019-08-22T17:35:35.921Z - [info]: GET - /v1/categories
2019-08-22T17:35:39.820Z - [info]: PUT - /v1/categories
2019-08-22T17:35:40.732Z - [info]: GET - /v1/categories
2019-08-22T17:35:43.123Z - [info]: GET - /v1/categories
2019-08-22T17:35:44.518Z - [info]: POST - /delete/categories/5d5ed267e518d4038c26bb15
2019-08-22T17:35:45.560Z - [info]: GET - /v1/categories
2019-08-22T17:35:46.994Z - [info]: POST - /delete/categories/5d5ed267e518d4038c26bb15
2019-08-22T17:35:47.699Z - [info]: GET - /v1/categories
2019-08-22T17:35:54.871Z - [info]: GET - /v1/categories
2019-08-22T17:35:57.709Z - [info]: GET - /v1/categories
2019-08-22T17:35:59.098Z - [info]: DELETE - /v1/categories/5d5ed267e518d4038c26bb15
2019-08-22T17:36:00.084Z - [info]: GET - /v1/categories
2019-08-22T17:36:01.583Z - [info]: GET - /v1/producers
2019-08-22T17:36:26.602Z - [info]: GET - /v1/producers
2019-08-22T17:36:36.995Z - [info]: GET - /v1/producers
2019-08-22T17:37:00.005Z - [info]: GET - /v1/producers
2019-08-22T17:37:03.778Z - [info]: GET - /v1/producers
2019-08-22T17:37:37.398Z - [info]: POST - /v1/producers
2019-08-22T17:37:38.440Z - [info]: GET - /v1/producers
2019-08-22T17:37:43.084Z - [info]: PUT - /v1/producers
2019-08-22T17:37:44.400Z - [info]: PUT - /v1/producers
2019-08-22T17:37:44.585Z - [info]: PUT - /v1/producers
2019-08-22T17:37:44.753Z - [info]: PUT - /v1/producers
2019-08-22T17:38:04.503Z - [info]: GET - /v1/producers
2019-08-22T17:38:26.235Z - [info]: GET - /v1/producers
2019-08-22T17:39:11.539Z - [info]: GET - /v1/producers
2019-08-22T17:39:58.358Z - [info]: PUT - /v1/producers
2019-08-22T17:40:20.436Z - [info]: GET - /v1/producers
2019-08-22T17:40:33.740Z - [info]: GET - /v1/producers
2019-08-22T17:40:54.395Z - [info]: GET - /v1/producers
2019-08-22T17:41:01.380Z - [info]: PUT - /v1/producers
2019-08-22T17:41:02.344Z - [info]: PUT - /v1/producers
2019-08-22T17:41:02.527Z - [info]: PUT - /v1/producers
2019-08-22T17:41:02.696Z - [info]: PUT - /v1/producers
2019-08-22T17:41:06.845Z - [info]: PUT - /v1/producers
2019-08-22T17:41:29.611Z - [info]: PUT - /v1/producers
2019-08-22T17:41:35.800Z - [info]: GET - /v1/producers
2019-08-22T17:41:41.213Z - [info]: PUT - /v1/producers
2019-08-22T17:41:42.334Z - [info]: GET - /v1/producers
2019-08-22T17:41:48.098Z - [info]: GET - /v1/producers
2019-08-22T17:41:48.919Z - [info]: DELETE - /v1/producers/5d5ed2e1e518d4038c26bb17
2019-08-22T17:41:50.058Z - [info]: GET - /v1/producers
2019-08-22T17:42:14.779Z - [info]: GET - /v1/producers
2019-08-22T17:42:19.115Z - [info]: DELETE - /v1/producers/5d5ed2e1e518d4038c26bb17
2019-08-22T17:42:19.983Z - [info]: GET - /v1/producers
2019-08-26T16:06:10.997Z - [info]: GET - /v1/products
2019-08-26T16:17:31.721Z - [info]: GET - /v1/products
2019-08-26T16:17:44.569Z - [info]: GET - /v1/products
2019-08-26T16:19:00.466Z - [info]: POST - /v1/products
2019-08-26T16:19:44.573Z - [info]: GET - /v1/products
2019-08-26T16:27:52.483Z - [info]: GET - /v1/products
2019-08-26T16:27:52.620Z - [info]: GET - /v1/categories
2019-08-26T16:27:52.707Z - [info]: GET - /v1/producers
2019-08-26T16:27:57.121Z - [info]: GET - /v1/categories
2019-08-26T16:27:57.970Z - [info]: GET - /v1/producers
2019-08-26T16:27:59.442Z - [info]: GET - /v1/categories
2019-08-26T16:27:59.780Z - [info]: GET - /v1/products
2019-08-26T16:27:59.803Z - [info]: GET - /v1/categories
2019-08-26T16:27:59.830Z - [info]: GET - /v1/producers
2019-08-26T16:34:15.775Z - [info]: GET - /v1/products
2019-08-26T16:34:28.381Z - [info]: GET - /v1/products
2019-08-26T16:34:28.448Z - [info]: GET - /v1/categories
2019-08-26T16:34:28.489Z - [info]: GET - /v1/producers
2019-08-26T16:36:09.215Z - [info]: GET - /v1/products
2019-08-26T16:36:09.400Z - [info]: GET - /v1/categories
2019-08-26T16:36:09.477Z - [info]: GET - /v1/producers
2019-08-28T00:33:44.834Z - [info]: GET - /v1/products
2019-08-28T00:33:44.974Z - [info]: GET - /v1/categories
2019-08-28T00:33:45.011Z - [info]: GET - /v1/producers
2019-08-28T00:35:55.886Z - [info]: POST - /v1/products
2019-08-28T00:36:07.541Z - [info]: GET - /v1/products
2019-08-28T00:36:39.393Z - [info]: GET - /v1/products
2019-08-28T00:38:04.429Z - [info]: GET - /v1/products
2019-08-28T00:41:33.364Z - [info]: GET - /v1/products
2019-08-28T00:42:04.555Z - [info]: GET - /v1/products
2019-08-28T00:42:54.285Z - [info]: GET - /v1/products
2019-08-28T00:43:32.074Z - [info]: GET - /v1/products
2019-08-28T00:46:23.975Z - [info]: GET - /v1/products
2019-08-28T00:46:41.099Z - [info]: GET - /v1/products
2019-08-28T00:47:24.491Z - [info]: GET - /v1/products
2019-08-28T00:47:46.255Z - [info]: GET - /v1/products
2019-08-28T00:48:58.055Z - [info]: GET - /v1/products
2019-08-28T00:49:33.005Z - [info]: GET - /v1/products
2019-08-28T00:50:07.715Z - [info]: GET - /v1/products
2019-08-28T00:50:29.788Z - [info]: GET - /v1/products
2019-08-28T00:50:36.399Z - [info]: GET - /v1/products
2019-08-28T00:51:35.813Z - [info]: GET - /v1/products
2019-08-28T00:59:20.007Z - [info]: GET - /v1/products
2019-08-28T00:59:37.360Z - [info]: GET - /v1/products
2019-08-28T01:04:01.134Z - [info]: GET - /v1/products
2019-08-28T01:04:07.842Z - [info]: GET - /v1/products
2019-08-28T01:04:25.903Z - [info]: GET - /v1/products
2019-08-28T01:04:31.045Z - [info]: GET - /v1/products
2019-08-28T01:04:45.872Z - [info]: GET - /v1/products
2019-08-28T01:05:17.782Z - [info]: GET - /v1/products
2019-08-28T01:05:51.762Z - [info]: GET - /v1/products
2019-08-28T01:05:59.215Z - [info]: GET - /v1/products
2019-08-28T01:06:30.988Z - [info]: GET - /v1/products
2019-08-28T01:06:49.263Z - [info]: GET - /v1/products
2019-08-28T01:07:24.056Z - [info]: GET - /v1/products
2019-08-28T01:07:31.243Z - [info]: GET - /v1/products
2019-08-28T01:08:03.215Z - [info]: GET - /v1/products
2019-08-28T01:08:48.872Z - [info]: GET - /v1/products
2019-08-28T01:08:48.964Z - [info]: GET - /v1/categories
2019-08-28T01:08:49.011Z - [info]: GET - /v1/producers
2019-08-28T01:10:01.596Z - [info]: GET - /v1/products
2019-08-28T01:10:01.696Z - [info]: GET - /v1/categories
2019-08-28T01:10:01.762Z - [info]: GET - /v1/producers
2019-08-28T01:10:26.253Z - [info]: GET - /v1/products
2019-08-28T01:10:26.338Z - [info]: GET - /v1/categories
2019-08-28T01:10:26.402Z - [info]: GET - /v1/producers
2019-08-28T01:10:29.868Z - [info]: GET - /v1/categories
2019-08-28T01:10:30.617Z - [info]: GET - /v1/producers
2019-08-28T01:10:31.563Z - [info]: GET - /v1/products
2019-08-28T01:10:31.595Z - [info]: GET - /v1/categories
2019-08-28T01:10:31.618Z - [info]: GET - /v1/producers
2019-08-28T01:11:29.585Z - [info]: GET - /v1/products
2019-08-28T01:12:11.462Z - [info]: GET - /v1/products
2019-08-28T01:12:32.293Z - [info]: GET - /v1/products
2019-08-28T01:12:43.576Z - [info]: GET - /v1/products
2019-08-28T01:12:47.307Z - [info]: GET - /v1/categories
2019-08-28T01:12:47.330Z - [info]: GET - /v1/producers
2019-08-28T01:12:58.277Z - [info]: GET - /v1/products
2019-08-28T01:12:58.456Z - [info]: GET - /v1/categories
2019-08-28T01:12:58.499Z - [info]: GET - /v1/producers
2019-08-28T01:17:56.790Z - [info]: GET - /v1/products
2019-08-28T01:18:48.504Z - [info]: GET - /v1/products
2019-08-28T01:19:08.136Z - [info]: GET - /v1/products
2019-08-28T01:19:27.532Z - [info]: GET - /v1/products
2019-08-28T01:19:57.376Z - [info]: GET - /v1/products
